Using pre-set license

 COMMAND LINE ARGUMENTS:
/Applications/Unity/Hub/Editor/2021.1.7f1/Unity.app/Contents/MacOS/Unity
-adb2
-batchMode
-noUpm
-name
AssetImportWorker0
-projectPath
/Users/ruben/Documents/Deim/Proyectos/Survival-B
-logFile
Logs/AssetImportWorker0.log
-srvPort
65447
Successfully changed project path to: /Users/ruben/Documents/Deim/Proyectos/Survival-B
/Users/ruben/Documents/Deim/Proyectos/Survival-B
Using Asset Import Pipeline V2.
Refreshing native plugins compatible for Editor in 43.53 ms, found 2 plugins.
Preloading 0 native plugins for Editor in 0.00 ms.
Initialize engine version: 2021.1.7f1 (d91830b65d9b)
[Subsystems] Discovering subsystems at path /Applications/Unity/Hub/Editor/2021.1.7f1/Unity.app/Contents/Resources/UnitySubsystems
[Subsystems] Discovering subsystems at path /Users/ruben/Documents/Deim/Proyectos/Survival-B/Assets
GfxDevice: creating device client; threaded=0; jobified=0
2021-10-22 11:46:00.152 Unity[45168:725464] LG ULTRAWIDE preferred device: NVIDIA GeForce GT 750M (high power)
2021-10-22 11:46:00.152 Unity[45168:725464] Metal devices available: 1
2021-10-22 11:46:00.152 Unity[45168:725464] 0: NVIDIA GeForce GT 750M (high power)
2021-10-22 11:46:00.152 Unity[45168:725464] Using device NVIDIA GeForce GT 750M (high power)
Initializing Metal device caps: NVIDIA GeForce GT 750M
Initialize mono
Mono path[0] = '/Applications/Unity/Hub/Editor/2021.1.7f1/Unity.app/Contents/Managed'
Mono path[1] = '/Applications/Unity/Hub/Editor/2021.1.7f1/Unity.app/Contents/MonoBleedingEdge/lib/mono/unityjit'
Mono config path = '/Applications/Unity/Hub/Editor/2021.1.7f1/Unity.app/Contents/MonoBleedingEdge/etc'
Using monoOptions --debugger-agent=transport=dt_socket,embedding=1,server=y,suspend=n,address=127.0.0.1:56168
Begin MonoManager ReloadAssembly
Registering precompiled unity dll's ...
Register platform support module: /Applications/Unity/Hub/Editor/2021.1.7f1/Unity.app/Contents/PlaybackEngines/MacStandaloneSupport/UnityEditor.OSXStandalone.Extensions.dll
Registered in 0.000678 seconds.
Native extension for OSXStandalone target not found
Refreshing native plugins compatible for Editor in 76.28 ms, found 2 plugins.
Preloading 0 native plugins for Editor in 0.00 ms.
Mono: successfully reloaded assembly
- Completed reload, in  3.969 seconds
Platform modules already initialized, skipping
Registering precompiled user dll's ...
Registered in 0.004326 seconds.
Begin MonoManager ReloadAssembly
Native extension for OSXStandalone target not found
Refreshing native plugins compatible for Editor in 130.97 ms, found 2 plugins.
Preloading 0 native plugins for Editor in 0.00 ms.
Mono: successfully reloaded assembly
- Completed reload, in  5.992 seconds
Platform modules already initialized, skipping
========================================================================
Worker process is ready to serve import requests
Launching external process: /Applications/Unity/Hub/Editor/2021.1.7f1/Unity.app/Contents/Tools/UnityShaderCompiler
Launched and connected shader compiler UnityShaderCompiler after 0.04 seconds
Refreshing native plugins compatible for Editor in 0.78 ms, found 2 plugins.
Preloading 0 native plugins for Editor in 0.00 ms.
Unloading 1760 Unused Serialized files (Serialized files now loaded: 0)
System memory in use before: 161.0 MB.
System memory in use after: 161.1 MB.

Unloading 18 unused Assets to reduce memory usage. Loaded Objects now: 2213.
Total: 4.964017 ms (FindLiveObjects: 0.413103 ms CreateObjectMapping: 0.307735 ms MarkObjects: 4.157574 ms  DeleteObjects: 0.082907 ms)

========================================================================
Received Import Request.
  path: Assets/Scripts/Player/Inventario.cs
  artifactKey: Guid(e497fbeefc1e640c58600fde4a3db175) Importer(815301076,1909f56bfc062723c751e8b465ee728b)
Start importing Assets/Scripts/Player/Inventario.cs using Guid(e497fbeefc1e640c58600fde4a3db175) Importer(815301076,1909f56bfc062723c751e8b465ee728b)  -> (artifact id: '5cb66d9fc1c40a8dd1110ad443bbe619') in 0.624562 seconds 
========================================================================
Received Prepare
Registering precompiled user dll's ...
Registered in 0.001483 seconds.
Begin MonoManager ReloadAssembly
Native extension for OSXStandalone target not found
Refreshing native plugins compatible for Editor in 0.43 ms, found 2 plugins.
Preloading 0 native plugins for Editor in 0.00 ms.
Mono: successfully reloaded assembly
- Completed reload, in  2.083 seconds
Platform modules already initialized, skipping
Refreshing native plugins compatible for Editor in 0.40 ms, found 2 plugins.
Preloading 0 native plugins for Editor in 0.00 ms.
Unloading 1741 Unused Serialized files (Serialized files now loaded: 0)
System memory in use before: 164.5 MB.
System memory in use after: 164.6 MB.

Unloading 11 unused Assets to reduce memory usage. Loaded Objects now: 2215.
Total: 3.126523 ms (FindLiveObjects: 0.223752 ms CreateObjectMapping: 0.143767 ms MarkObjects: 2.741027 ms  DeleteObjects: 0.016545 ms)

========================================================================
Received Import Request.
  Time since last request: 644.742843 seconds.
  path: Assets/Scripts/Player/Inventario.cs
  artifactKey: Guid(e497fbeefc1e640c58600fde4a3db175) Importer(815301076,1909f56bfc062723c751e8b465ee728b)
Start importing Assets/Scripts/Player/Inventario.cs using Guid(e497fbeefc1e640c58600fde4a3db175) Importer(815301076,1909f56bfc062723c751e8b465ee728b)  -> (artifact id: '7b93f46a80e6cb285e131379d4b6cdbd') in 0.007789 seconds 
========================================================================
Received Prepare
Registering precompiled user dll's ...
Registered in 0.004765 seconds.
Begin MonoManager ReloadAssembly
Native extension for OSXStandalone target not found
Refreshing native plugins compatible for Editor in 0.46 ms, found 2 plugins.
Preloading 0 native plugins for Editor in 0.00 ms.
Mono: successfully reloaded assembly
- Completed reload, in  1.478 seconds
Platform modules already initialized, skipping
Refreshing native plugins compatible for Editor in 0.39 ms, found 2 plugins.
Preloading 0 native plugins for Editor in 0.00 ms.
Unloading 1741 Unused Serialized files (Serialized files now loaded: 0)
System memory in use before: 164.7 MB.
System memory in use after: 164.9 MB.

Unloading 11 unused Assets to reduce memory usage. Loaded Objects now: 2217.
Total: 2.661347 ms (FindLiveObjects: 0.150156 ms CreateObjectMapping: 0.064725 ms MarkObjects: 2.429198 ms  DeleteObjects: 0.016060 ms)

========================================================================
Received Import Request.
  Time since last request: 4037.389132 seconds.
  path: Assets/Scripts/Player/Inventario.cs
  artifactKey: Guid(e497fbeefc1e640c58600fde4a3db175) Importer(815301076,1909f56bfc062723c751e8b465ee728b)
Start importing Assets/Scripts/Player/Inventario.cs using Guid(e497fbeefc1e640c58600fde4a3db175) Importer(815301076,1909f56bfc062723c751e8b465ee728b)  -> (artifact id: 'bf186737e40454e57aa0e4646b1261f8') in 0.005513 seconds 
========================================================================
Received Prepare
Registering precompiled user dll's ...
Registered in 0.001402 seconds.
Begin MonoManager ReloadAssembly
Native extension for OSXStandalone target not found
Refreshing native plugins compatible for Editor in 0.41 ms, found 2 plugins.
Preloading 0 native plugins for Editor in 0.00 ms.
Mono: successfully reloaded assembly
- Completed reload, in  1.483 seconds
Platform modules already initialized, skipping
Refreshing native plugins compatible for Editor in 0.39 ms, found 2 plugins.
Preloading 0 native plugins for Editor in 0.00 ms.
Unloading 1741 Unused Serialized files (Serialized files now loaded: 0)
System memory in use before: 165.0 MB.
System memory in use after: 165.1 MB.

Unloading 11 unused Assets to reduce memory usage. Loaded Objects now: 2219.
Total: 3.143473 ms (FindLiveObjects: 0.205248 ms CreateObjectMapping: 0.143619 ms MarkObjects: 2.777680 ms  DeleteObjects: 0.015841 ms)

========================================================================
Received Prepare
Registering precompiled user dll's ...
Registered in 0.001206 seconds.
Begin MonoManager ReloadAssembly
Native extension for OSXStandalone target not found
Refreshing native plugins compatible for Editor in 0.40 ms, found 2 plugins.
Preloading 0 native plugins for Editor in 0.00 ms.
Mono: successfully reloaded assembly
- Completed reload, in  1.445 seconds
Platform modules already initialized, skipping
Refreshing native plugins compatible for Editor in 0.41 ms, found 2 plugins.
Preloading 0 native plugins for Editor in 0.00 ms.
Unloading 1741 Unused Serialized files (Serialized files now loaded: 0)
System memory in use before: 165.2 MB.
System memory in use after: 165.3 MB.

Unloading 11 unused Assets to reduce memory usage. Loaded Objects now: 2221.
Total: 3.261875 ms (FindLiveObjects: 0.209065 ms CreateObjectMapping: 0.141043 ms MarkObjects: 2.894952 ms  DeleteObjects: 0.015706 ms)

========================================================================
Received Prepare
Registering precompiled user dll's ...
Registered in 0.001195 seconds.
Begin MonoManager ReloadAssembly
Native extension for OSXStandalone target not found
Refreshing native plugins compatible for Editor in 0.43 ms, found 2 plugins.
Preloading 0 native plugins for Editor in 0.00 ms.
Mono: successfully reloaded assembly
- Completed reload, in  1.487 seconds
Platform modules already initialized, skipping
Refreshing native plugins compatible for Editor in 0.39 ms, found 2 plugins.
Preloading 0 native plugins for Editor in 0.00 ms.
Unloading 1741 Unused Serialized files (Serialized files now loaded: 0)
System memory in use before: 165.4 MB.
System memory in use after: 165.5 MB.

Unloading 11 unused Assets to reduce memory usage. Loaded Objects now: 2223.
Total: 3.175852 ms (FindLiveObjects: 0.189299 ms CreateObjectMapping: 0.125997 ms MarkObjects: 2.844006 ms  DeleteObjects: 0.015366 ms)

========================================================================
Received Prepare
Registering precompiled user dll's ...
Registered in 0.002619 seconds.
Begin MonoManager ReloadAssembly
Native extension for OSXStandalone target not found
Refreshing native plugins compatible for Editor in 0.40 ms, found 2 plugins.
Preloading 0 native plugins for Editor in 0.00 ms.
Mono: successfully reloaded assembly
- Completed reload, in  1.508 seconds
Platform modules already initialized, skipping
Refreshing native plugins compatible for Editor in 0.38 ms, found 2 plugins.
Preloading 0 native plugins for Editor in 0.00 ms.
Unloading 1741 Unused Serialized files (Serialized files now loaded: 0)
System memory in use before: 165.6 MB.
System memory in use after: 165.7 MB.

Unloading 11 unused Assets to reduce memory usage. Loaded Objects now: 2225.
Total: 2.694113 ms (FindLiveObjects: 0.177137 ms CreateObjectMapping: 0.072353 ms MarkObjects: 2.429483 ms  DeleteObjects: 0.014118 ms)

